<?xml version="1.0" encoding="UTF-8"?>
<testng-results skipped="0" failed="0" ignored="0" total="1" passed="1">
  <reporter-output>
  </reporter-output>
  <suite name="Default suite" duration-ms="2275" started-at="2020-09-23T14:16:25 IST" finished-at="2020-09-23T14:16:28 IST">
    <groups>
    </groups>
    <test name="Default test" duration-ms="2275" started-at="2020-09-23T14:16:25 IST" finished-at="2020-09-23T14:16:28 IST">
      <class name="com.qa.apacheclient.test.ValidatePostRequest">
        <test-method status="PASS" signature="postRequestTest()[pri:0, instance:com.qa.apacheclient.test.ValidatePostRequest@e94dcf]" name="postRequestTest" duration-ms="2156" started-at="2020-09-23T14:16:26 IST" finished-at="2020-09-23T14:16:28 IST">
          <reporter-output>
          </reporter-output>
        </test-method> <!-- postRequestTest -->
      </class> <!-- com.qa.apacheclient.test.ValidatePostRequest -->
    </test> <!-- Default test -->
  </suite> <!-- Default suite -->
</testng-results>
